# JRE version: OpenJDK Runtime Environment (21.0.6) (build 21.0.6+-13391695-b895.109)
# Java VM: OpenJDK 64-Bit Server VM (21.0.6+-13391695-b895.109, mixed mode, tiered, compressed oops, compressed class ptrs, g1 gc, windows-amd64)
GC Precious Log:
 CardTable entry size: 512
 Card Set container configuration: InlinePtr #cards 5 size 8 Array Of Cards #cards 12 size 40 Howl #buckets 4 coarsen threshold 1843 Howl Bitmap #cards 512 size 80 coarsen threshold 460 Card regions per heap region 1 cards per card region 2048
 CPUs: 12 total, 12 available
 Memory: 7549M
 Large Page Support: Disabled
 NUMA Support: Disabled
 Compressed Oops: Enabled (32-bit)
 Heap Region Size: 1M
 Heap Min Capacity: 8M
 Heap Initial Capacity: 118M
 Heap Max Capacity: 1888M
 Pre-touch: Disabled
 Parallel Workers: 10
 Concurrent Workers: 3
 Concurrent Refinement Workers: 10
 Periodic GC: Disabled
Heap:
 garbage-first heap   total 59392K, used 37009K [0x000000008a000000, 0x0000000100000000)
  region size 1024K, 14 young (14336K), 2 survivors (2048K)
 Metaspace       used 44314K, committed 45056K, reserved 1114112K
  class space    used 5218K, committed 5568K, reserved 1048576K
GC Heap History (20 events):
Event: 1.897 GC heap before
{Heap before GC invocations=0 (full 0):
 garbage-first heap   total 120832K, used 26624K [0x000000008a000000, 0x0000000100000000)
  region size 1024K, 23 young (23552K), 0 survivors (0K)
 Metaspace       used 14084K, committed 14208K, reserved 1114112K
  class space    used 1329K, committed 1408K, reserved 1048576K
}
Event: 1.902 GC heap after
{Heap after GC invocations=1 (full 0):
 garbage-first heap   total 120832K, used 6308K [0x000000008a000000, 0x0000000100000000)
  region size 1024K, 3 young (3072K), 3 survivors (3072K)
 Metaspace       used 14084K, committed 14208K, reserved 1114112K
  class space    used 1329K, committed 1408K, reserved 1048576K
}
Event: 3.359 GC heap before
{Heap before GC invocations=1 (full 0):
 garbage-first heap   total 120832K, used 27812K [0x000000008a000000, 0x0000000100000000)
  region size 1024K, 26 young (26624K), 3 survivors (3072K)
 Metaspace       used 21331K, committed 21504K, reserved 1114112K
  class space    used 2166K, committed 2240K, reserved 1048576K
}
Event: 3.366 GC heap after
{Heap after GC invocations=2 (full 0):
 garbage-first heap   total 120832K, used 7888K [0x000000008a000000, 0x0000000100000000)
  region size 1024K, 2 young (2048K), 2 survivors (2048K)
 Metaspace       used 21331K, committed 21504K, reserved 1114112K
  class space    used 2166K, committed 2240K, reserved 1048576K
}
Event: 3.936 GC heap before
{Heap before GC invocations=3 (full 0):
 garbage-first heap   total 30720K, used 29392K [0x000000008a000000, 0x0000000100000000)
  region size 1024K, 23 young (23552K), 2 survivors (2048K)
 Metaspace       used 27678K, committed 28032K, reserved 1114112K
  class space    used 3203K, committed 3328K, reserved 1048576K
}
Event: 3.943 GC heap after
{Heap after GC invocations=4 (full 0):
 garbage-first heap   total 34816K, used 10222K [0x000000008a000000, 0x0000000100000000)
  region size 1024K, 4 young (4096K), 4 survivors (4096K)
 Metaspace       used 27678K, committed 28032K, reserved 1114112K
  class space    used 3203K, committed 3328K, reserved 1048576K
}
Event: 4.208 GC heap before
{Heap before GC invocations=4 (full 0):
 garbage-first heap   total 34816K, used 30702K [0x000000008a000000, 0x0000000100000000)
  region size 1024K, 20 young (20480K), 4 survivors (4096K)
 Metaspace       used 27848K, committed 28160K, reserved 1114112K
  class space    used 3203K, committed 3328K, reserved 1048576K
}
Event: 4.222 GC heap after
{Heap after GC invocations=5 (full 0):
 garbage-first heap   total 39936K, used 15493K [0x000000008a000000, 0x0000000100000000)
  region size 1024K, 3 young (3072K), 3 survivors (3072K)
 Metaspace       used 27848K, committed 28160K, reserved 1114112K
  class space    used 3203K, committed 3328K, reserved 1048576K
}
Event: 4.624 GC heap before
{Heap before GC invocations=5 (full 0):
 garbage-first heap   total 39936K, used 31877K [0x000000008a000000, 0x0000000100000000)
  region size 1024K, 19 young (19456K), 3 survivors (3072K)
 Metaspace       used 30021K, committed 30208K, reserved 1114112K
  class space    used 3640K, committed 3712K, reserved 1048576K
}
Event: 4.636 GC heap after
{Heap after GC invocations=6 (full 0):
 garbage-first heap   total 39936K, used 19456K [0x000000008a000000, 0x0000000100000000)
  region size 1024K, 3 young (3072K), 3 survivors (3072K)
 Metaspace       used 30021K, committed 30208K, reserved 1114112K
  class space    used 3640K, committed 3712K, reserved 1048576K
}
Event: 4.897 GC heap before
{Heap before GC invocations=6 (full 0):
 garbage-first heap   total 39936K, used 30720K [0x000000008a000000, 0x0000000100000000)
  region size 1024K, 15 young (15360K), 3 survivors (3072K)
 Metaspace       used 33570K, committed 33856K, reserved 1114112K
  class space    used 4022K, committed 4160K, reserved 1048576K
}
Event: 4.904 GC heap after
{Heap after GC invocations=7 (full 0):
 garbage-first heap   total 49152K, used 21407K [0x000000008a000000, 0x0000000100000000)
  region size 1024K, 2 young (2048K), 2 survivors (2048K)
 Metaspace       used 33570K, committed 33856K, reserved 1114112K
  class space    used 4022K, committed 4160K, reserved 1048576K
}
Event: 5.320 GC heap before
{Heap before GC invocations=7 (full 0):
 garbage-first heap   total 49152K, used 39839K [0x000000008a000000, 0x0000000100000000)
  region size 1024K, 19 young (19456K), 2 survivors (2048K)
 Metaspace       used 35134K, committed 35392K, reserved 1114112K
  class space    used 4182K, committed 4288K, reserved 1048576K
}
Event: 5.326 GC heap after
{Heap after GC invocations=8 (full 0):
 garbage-first heap   total 49152K, used 22409K [0x000000008a000000, 0x0000000100000000)
  region size 1024K, 3 young (3072K), 3 survivors (3072K)
 Metaspace       used 35134K, committed 35392K, reserved 1114112K
  class space    used 4182K, committed 4288K, reserved 1048576K
}
Event: 5.414 GC heap before
{Heap before GC invocations=8 (full 0):
 garbage-first heap   total 49152K, used 26505K [0x000000008a000000, 0x0000000100000000)
  region size 1024K, 8 young (8192K), 3 survivors (3072K)
 Metaspace       used 35783K, committed 35968K, reserved 1114112K
  class space    used 4254K, committed 4352K, reserved 1048576K
}
Event: 5.419 GC heap after
{Heap after GC invocations=9 (full 0):
 garbage-first heap   total 49152K, used 23317K [0x000000008a000000, 0x0000000100000000)
  region size 1024K, 1 young (1024K), 1 survivors (1024K)
 Metaspace       used 35783K, committed 35968K, reserved 1114112K
  class space    used 4254K, committed 4352K, reserved 1048576K
}
Event: 5.705 GC heap before
{Heap before GC invocations=10 (full 0):
 garbage-first heap   total 49152K, used 40725K [0x000000008a000000, 0x0000000100000000)
  region size 1024K, 18 young (18432K), 1 survivors (1024K)
 Metaspace       used 39535K, committed 39808K, reserved 1114112K
  class space    used 4548K, committed 4672K, reserved 1048576K
}
Event: 5.708 GC heap after
{Heap after GC invocations=11 (full 0):
 garbage-first heap   total 49152K, used 25041K [0x000000008a000000, 0x0000000100000000)
  region size 1024K, 3 young (3072K), 3 survivors (3072K)
 Metaspace       used 39535K, committed 39808K, reserved 1114112K
  class space    used 4548K, committed 4672K, reserved 1048576K
}
Event: 5.977 GC heap before
{Heap before GC invocations=11 (full 0):
 garbage-first heap   total 49152K, used 41425K [0x000000008a000000, 0x0000000100000000)
  region size 1024K, 19 young (19456K), 3 survivors (3072K)
 Metaspace       used 41941K, committed 42560K, reserved 1114112K
  class space    used 4904K, committed 5184K, reserved 1048576K
}
Event: 5.984 GC heap after
{Heap after GC invocations=12 (full 0):
 garbage-first heap   total 59392K, used 25745K [0x000000008a000000, 0x0000000100000000)
  region size 1024K, 2 young (2048K), 2 survivors (2048K)
 Metaspace       used 41941K, committed 42560K, reserved 1114112K
  class space    used 4904K, committed 5184K, reserved 1048576K
}

