# JRE version: OpenJDK Runtime Environment (21.0.6) (build 21.0.6+-13391695-b895.109)
# Java VM: OpenJDK 64-Bit Server VM (21.0.6+-13391695-b895.109, mixed mode, tiered, compressed oops, compressed class ptrs, g1 gc, windows-amd64)
GC Precious Log:
 CardTable entry size: 512
 Card Set container configuration: InlinePtr #cards 5 size 8 Array Of Cards #cards 12 size 40 Howl #buckets 4 coarsen threshold 1843 Howl Bitmap #cards 512 size 80 coarsen threshold 460 Card regions per heap region 1 cards per card region 2048
 CPUs: 12 total, 12 available
 Memory: 7549M
 Large Page Support: Disabled
 NUMA Support: Disabled
 Compressed Oops: Enabled (32-bit)
 Heap Region Size: 1M
 Heap Min Capacity: 8M
 Heap Initial Capacity: 118M
 Heap Max Capacity: 1888M
 Pre-touch: Disabled
 Parallel Workers: 10
 Concurrent Workers: 3
 Concurrent Refinement Workers: 10
 Periodic GC: Disabled
Heap:
 garbage-first heap   total 48128K, used 34220K [0x000000008a000000, 0x0000000100000000)
  region size 1024K, 10 young (10240K), 1 survivors (1024K)
 Metaspace       used 44335K, committed 45056K, reserved 1114112K
  class space    used 5226K, committed 5568K, reserved 1048576K
GC Heap History (20 events):
Event: 1.006 GC heap before
{Heap before GC invocations=1 (full 0):
 garbage-first heap   total 120832K, used 27688K [0x000000008a000000, 0x0000000100000000)
  region size 1024K, 26 young (26624K), 3 survivors (3072K)
 Metaspace       used 21332K, committed 21504K, reserved 1114112K
  class space    used 2166K, committed 2240K, reserved 1048576K
}
Event: 1.012 GC heap after
{Heap after GC invocations=2 (full 0):
 garbage-first heap   total 120832K, used 7637K [0x000000008a000000, 0x0000000100000000)
  region size 1024K, 2 young (2048K), 2 survivors (2048K)
 Metaspace       used 21332K, committed 21504K, reserved 1114112K
  class space    used 2166K, committed 2240K, reserved 1048576K
}
Event: 1.438 GC heap before
{Heap before GC invocations=3 (full 0):
 garbage-first heap   total 27648K, used 27093K [0x000000008a000000, 0x0000000100000000)
  region size 1024K, 21 young (21504K), 2 survivors (2048K)
 Metaspace       used 27690K, committed 28032K, reserved 1114112K
  class space    used 3203K, committed 3328K, reserved 1048576K
}
Event: 1.443 GC heap after
{Heap after GC invocations=4 (full 0):
 garbage-first heap   total 30720K, used 9216K [0x000000008a000000, 0x0000000100000000)
  region size 1024K, 3 young (3072K), 3 survivors (3072K)
 Metaspace       used 27690K, committed 28032K, reserved 1114112K
  class space    used 3203K, committed 3328K, reserved 1048576K
}
Event: 1.612 GC heap before
{Heap before GC invocations=4 (full 0):
 garbage-first heap   total 30720K, used 26624K [0x000000008a000000, 0x0000000100000000)
  region size 1024K, 18 young (18432K), 3 survivors (3072K)
 Metaspace       used 27726K, committed 28096K, reserved 1114112K
  class space    used 3203K, committed 3328K, reserved 1048576K
}
Event: 1.620 GC heap after
{Heap after GC invocations=5 (full 0):
 garbage-first heap   total 33792K, used 13086K [0x000000008a000000, 0x0000000100000000)
  region size 1024K, 3 young (3072K), 3 survivors (3072K)
 Metaspace       used 27726K, committed 28096K, reserved 1114112K
  class space    used 3203K, committed 3328K, reserved 1048576K
}
Event: 1.830 GC heap before
{Heap before GC invocations=5 (full 0):
 garbage-first heap   total 33792K, used 28446K [0x000000008a000000, 0x0000000100000000)
  region size 1024K, 16 young (16384K), 3 survivors (3072K)
 Metaspace       used 28577K, committed 28800K, reserved 1114112K
  class space    used 3284K, committed 3392K, reserved 1048576K
}
Event: 1.837 GC heap after
{Heap after GC invocations=6 (full 0):
 garbage-first heap   total 35840K, used 18968K [0x000000008a000000, 0x0000000100000000)
  region size 1024K, 2 young (2048K), 2 survivors (2048K)
 Metaspace       used 28577K, committed 28800K, reserved 1114112K
  class space    used 3284K, committed 3392K, reserved 1048576K
}
Event: 2.010 GC heap before
{Heap before GC invocations=6 (full 0):
 garbage-first heap   total 35840K, used 27160K [0x000000008a000000, 0x0000000100000000)
  region size 1024K, 11 young (11264K), 2 survivors (2048K)
 Metaspace       used 31378K, committed 31616K, reserved 1114112K
  class space    used 3795K, committed 3904K, reserved 1048576K
}
Event: 2.014 GC heap after
{Heap after GC invocations=7 (full 0):
 garbage-first heap   total 35840K, used 20039K [0x000000008a000000, 0x0000000100000000)
  region size 1024K, 1 young (1024K), 1 survivors (1024K)
 Metaspace       used 31378K, committed 31616K, reserved 1114112K
  class space    used 3795K, committed 3904K, reserved 1048576K
}
Event: 2.193 GC heap before
{Heap before GC invocations=8 (full 0):
 garbage-first heap   total 35840K, used 29255K [0x000000008a000000, 0x0000000100000000)
  region size 1024K, 10 young (10240K), 1 survivors (1024K)
 Metaspace       used 33632K, committed 33856K, reserved 1114112K
  class space    used 4041K, committed 4160K, reserved 1048576K
}
Event: 2.197 GC heap after
{Heap after GC invocations=9 (full 0):
 garbage-first heap   total 35840K, used 19028K [0x000000008a000000, 0x0000000100000000)
  region size 1024K, 2 young (2048K), 2 survivors (2048K)
 Metaspace       used 33632K, committed 33856K, reserved 1114112K
  class space    used 4041K, committed 4160K, reserved 1048576K
}
Event: 2.282 GC heap before
{Heap before GC invocations=9 (full 0):
 garbage-first heap   total 35840K, used 30292K [0x000000008a000000, 0x0000000100000000)
  region size 1024K, 12 young (12288K), 2 survivors (2048K)
 Metaspace       used 33679K, committed 33984K, reserved 1114112K
  class space    used 4041K, committed 4160K, reserved 1048576K
}
Event: 2.288 GC heap after
{Heap after GC invocations=10 (full 0):
 garbage-first heap   total 48128K, used 20848K [0x000000008a000000, 0x0000000100000000)
  region size 1024K, 2 young (2048K), 2 survivors (2048K)
 Metaspace       used 33679K, committed 33984K, reserved 1114112K
  class space    used 4041K, committed 4160K, reserved 1048576K
}
Event: 2.553 GC heap before
{Heap before GC invocations=10 (full 0):
 garbage-first heap   total 48128K, used 37232K [0x000000008a000000, 0x0000000100000000)
  region size 1024K, 19 young (19456K), 2 survivors (2048K)
 Metaspace       used 37089K, committed 37312K, reserved 1114112K
  class space    used 4384K, committed 4480K, reserved 1048576K
}
Event: 2.557 GC heap after
{Heap after GC invocations=11 (full 0):
 garbage-first heap   total 48128K, used 23716K [0x000000008a000000, 0x0000000100000000)
  region size 1024K, 3 young (3072K), 3 survivors (3072K)
 Metaspace       used 37089K, committed 37312K, reserved 1114112K
  class space    used 4384K, committed 4480K, reserved 1048576K
}
Event: 2.734 GC heap before
{Heap before GC invocations=11 (full 0):
 garbage-first heap   total 48128K, used 39076K [0x000000008a000000, 0x0000000100000000)
  region size 1024K, 18 young (18432K), 3 survivors (3072K)
 Metaspace       used 40194K, committed 40512K, reserved 1114112K
  class space    used 4639K, committed 4800K, reserved 1048576K
}
Event: 2.739 GC heap after
{Heap after GC invocations=12 (full 0):
 garbage-first heap   total 48128K, used 25817K [0x000000008a000000, 0x0000000100000000)
  region size 1024K, 3 young (3072K), 3 survivors (3072K)
 Metaspace       used 40194K, committed 40512K, reserved 1114112K
  class space    used 4639K, committed 4800K, reserved 1048576K
}
Event: 2.950 GC heap before
{Heap before GC invocations=12 (full 0):
 garbage-first heap   total 48128K, used 40153K [0x000000008a000000, 0x0000000100000000)
  region size 1024K, 17 young (17408K), 3 survivors (3072K)
 Metaspace       used 42294K, committed 42944K, reserved 1114112K
  class space    used 4958K, committed 5248K, reserved 1048576K
}
Event: 2.954 GC heap after
{Heap after GC invocations=13 (full 0):
 garbage-first heap   total 48128K, used 26028K [0x000000008a000000, 0x0000000100000000)
  region size 1024K, 1 young (1024K), 1 survivors (1024K)
 Metaspace       used 42294K, committed 42944K, reserved 1114112K
  class space    used 4958K, committed 5248K, reserved 1048576K
}

